[2026-03-27T17:17:46.860+0000] {processor.py:161} INFO - Started process (PID=164) to work on /opt/airflow/dags/dpe_pipeline_dag.py
[2026-03-27T17:17:46.877+0000] {processor.py:830} INFO - Processing file /opt/airflow/dags/dpe_pipeline_dag.py for tasks to queue
[2026-03-27T17:17:46.953+0000] {logging_mixin.py:188} INFO - [2026-03-27T17:17:46.944+0000] {dagbag.py:545} INFO - Filling up the DagBag from /opt/airflow/dags/dpe_pipeline_dag.py
[2026-03-27T17:17:47.279+0000] {processor.py:840} INFO - DAG(s) 'dpe_pipeline_existant' retrieved from /opt/airflow/dags/dpe_pipeline_dag.py
[2026-03-27T17:17:48.863+0000] {logging_mixin.py:188} INFO - [2026-03-27T17:17:48.860+0000] {override.py:1829} INFO - Created Permission View: can edit on DAG:dpe_pipeline_existant
[2026-03-27T17:17:48.893+0000] {logging_mixin.py:188} INFO - [2026-03-27T17:17:48.892+0000] {override.py:1829} INFO - Created Permission View: can read on DAG:dpe_pipeline_existant
[2026-03-27T17:17:48.915+0000] {logging_mixin.py:188} INFO - [2026-03-27T17:17:48.914+0000] {override.py:1829} INFO - Created Permission View: can delete on DAG:dpe_pipeline_existant
[2026-03-27T17:17:48.917+0000] {logging_mixin.py:188} INFO - [2026-03-27T17:17:48.916+0000] {dag.py:3096} INFO - Sync 1 DAGs
[2026-03-27T17:17:48.982+0000] {logging_mixin.py:188} INFO - [2026-03-27T17:17:48.981+0000] {dag.py:3118} INFO - Creating ORM DAG for dpe_pipeline_existant
[2026-03-27T17:17:49.078+0000] {logging_mixin.py:188} INFO - [2026-03-27T17:17:49.077+0000] {dag.py:3954} INFO - Setting next_dagrun for dpe_pipeline_existant to 2026-03-26 00:00:00+00:00, run_after=2026-03-27 00:00:00+00:00
[2026-03-27T17:17:49.187+0000] {processor.py:183} INFO - Processing /opt/airflow/dags/dpe_pipeline_dag.py took 2.437 seconds
[2026-03-27T17:18:19.620+0000] {processor.py:161} INFO - Started process (PID=169) to work on /opt/airflow/dags/dpe_pipeline_dag.py
[2026-03-27T17:18:19.628+0000] {processor.py:830} INFO - Processing file /opt/airflow/dags/dpe_pipeline_dag.py for tasks to queue
[2026-03-27T17:18:19.642+0000] {logging_mixin.py:188} INFO - [2026-03-27T17:18:19.640+0000] {dagbag.py:545} INFO - Filling up the DagBag from /opt/airflow/dags/dpe_pipeline_dag.py
[2026-03-27T17:18:19.814+0000] {processor.py:840} INFO - DAG(s) 'dpe_pipeline_existant' retrieved from /opt/airflow/dags/dpe_pipeline_dag.py
[2026-03-27T17:18:19.978+0000] {logging_mixin.py:188} INFO - [2026-03-27T17:18:19.977+0000] {dag.py:3096} INFO - Sync 1 DAGs
[2026-03-27T17:18:20.086+0000] {logging_mixin.py:188} INFO - [2026-03-27T17:18:20.086+0000] {dag.py:3954} INFO - Setting next_dagrun for dpe_pipeline_existant to 2026-03-26 00:00:00+00:00, run_after=2026-03-27 00:00:00+00:00
[2026-03-27T17:18:20.130+0000] {processor.py:183} INFO - Processing /opt/airflow/dags/dpe_pipeline_dag.py took 0.547 seconds
[2026-03-27T17:18:50.488+0000] {processor.py:161} INFO - Started process (PID=174) to work on /opt/airflow/dags/dpe_pipeline_dag.py
[2026-03-27T17:18:50.490+0000] {processor.py:830} INFO - Processing file /opt/airflow/dags/dpe_pipeline_dag.py for tasks to queue
[2026-03-27T17:18:50.493+0000] {logging_mixin.py:188} INFO - [2026-03-27T17:18:50.493+0000] {dagbag.py:545} INFO - Filling up the DagBag from /opt/airflow/dags/dpe_pipeline_dag.py
[2026-03-27T17:18:50.541+0000] {processor.py:840} INFO - DAG(s) 'dpe_pipeline_existant' retrieved from /opt/airflow/dags/dpe_pipeline_dag.py
[2026-03-27T17:18:50.591+0000] {logging_mixin.py:188} INFO - [2026-03-27T17:18:50.591+0000] {dag.py:3096} INFO - Sync 1 DAGs
[2026-03-27T17:18:50.638+0000] {logging_mixin.py:188} INFO - [2026-03-27T17:18:50.638+0000] {dag.py:3954} INFO - Setting next_dagrun for dpe_pipeline_existant to 2026-03-26 00:00:00+00:00, run_after=2026-03-27 00:00:00+00:00
[2026-03-27T17:18:50.673+0000] {processor.py:183} INFO - Processing /opt/airflow/dags/dpe_pipeline_dag.py took 0.191 seconds
[2026-03-27T17:19:21.057+0000] {processor.py:161} INFO - Started process (PID=179) to work on /opt/airflow/dags/dpe_pipeline_dag.py
[2026-03-27T17:19:21.059+0000] {processor.py:830} INFO - Processing file /opt/airflow/dags/dpe_pipeline_dag.py for tasks to queue
[2026-03-27T17:19:21.061+0000] {logging_mixin.py:188} INFO - [2026-03-27T17:19:21.061+0000] {dagbag.py:545} INFO - Filling up the DagBag from /opt/airflow/dags/dpe_pipeline_dag.py
[2026-03-27T17:19:21.097+0000] {processor.py:840} INFO - DAG(s) 'dpe_pipeline_existant' retrieved from /opt/airflow/dags/dpe_pipeline_dag.py
[2026-03-27T17:19:21.151+0000] {logging_mixin.py:188} INFO - [2026-03-27T17:19:21.149+0000] {dag.py:3096} INFO - Sync 1 DAGs
[2026-03-27T17:19:21.219+0000] {logging_mixin.py:188} INFO - [2026-03-27T17:19:21.218+0000] {dag.py:3954} INFO - Setting next_dagrun for dpe_pipeline_existant to 2026-03-26 00:00:00+00:00, run_after=2026-03-27 00:00:00+00:00
[2026-03-27T17:19:21.251+0000] {processor.py:183} INFO - Processing /opt/airflow/dags/dpe_pipeline_dag.py took 0.201 seconds
[2026-03-27T17:19:51.336+0000] {processor.py:161} INFO - Started process (PID=184) to work on /opt/airflow/dags/dpe_pipeline_dag.py
[2026-03-27T17:19:51.342+0000] {processor.py:830} INFO - Processing file /opt/airflow/dags/dpe_pipeline_dag.py for tasks to queue
[2026-03-27T17:19:51.372+0000] {logging_mixin.py:188} INFO - [2026-03-27T17:19:51.370+0000] {dagbag.py:545} INFO - Filling up the DagBag from /opt/airflow/dags/dpe_pipeline_dag.py
[2026-03-27T17:19:51.460+0000] {processor.py:840} INFO - DAG(s) 'dpe_pipeline_existant' retrieved from /opt/airflow/dags/dpe_pipeline_dag.py
[2026-03-27T17:19:51.554+0000] {logging_mixin.py:188} INFO - [2026-03-27T17:19:51.554+0000] {dag.py:3096} INFO - Sync 1 DAGs
[2026-03-27T17:19:51.635+0000] {logging_mixin.py:188} INFO - [2026-03-27T17:19:51.634+0000] {dag.py:3954} INFO - Setting next_dagrun for dpe_pipeline_existant to 2026-03-26 00:00:00+00:00, run_after=2026-03-27 00:00:00+00:00
[2026-03-27T17:19:51.674+0000] {processor.py:183} INFO - Processing /opt/airflow/dags/dpe_pipeline_dag.py took 0.346 seconds
[2026-03-27T17:20:21.893+0000] {processor.py:161} INFO - Started process (PID=189) to work on /opt/airflow/dags/dpe_pipeline_dag.py
[2026-03-27T17:20:21.894+0000] {processor.py:830} INFO - Processing file /opt/airflow/dags/dpe_pipeline_dag.py for tasks to queue
[2026-03-27T17:20:21.897+0000] {logging_mixin.py:188} INFO - [2026-03-27T17:20:21.896+0000] {dagbag.py:545} INFO - Filling up the DagBag from /opt/airflow/dags/dpe_pipeline_dag.py
[2026-03-27T17:20:21.928+0000] {processor.py:840} INFO - DAG(s) 'dpe_pipeline_existant' retrieved from /opt/airflow/dags/dpe_pipeline_dag.py
[2026-03-27T17:20:21.974+0000] {logging_mixin.py:188} INFO - [2026-03-27T17:20:21.973+0000] {dag.py:3096} INFO - Sync 1 DAGs
[2026-03-27T17:20:22.008+0000] {logging_mixin.py:188} INFO - [2026-03-27T17:20:22.008+0000] {dag.py:3954} INFO - Setting next_dagrun for dpe_pipeline_existant to 2026-03-26 00:00:00+00:00, run_after=2026-03-27 00:00:00+00:00
[2026-03-27T17:20:22.031+0000] {processor.py:183} INFO - Processing /opt/airflow/dags/dpe_pipeline_dag.py took 0.146 seconds
[2026-03-27T17:20:52.273+0000] {processor.py:161} INFO - Started process (PID=194) to work on /opt/airflow/dags/dpe_pipeline_dag.py
[2026-03-27T17:20:52.274+0000] {processor.py:830} INFO - Processing file /opt/airflow/dags/dpe_pipeline_dag.py for tasks to queue
[2026-03-27T17:20:52.276+0000] {logging_mixin.py:188} INFO - [2026-03-27T17:20:52.276+0000] {dagbag.py:545} INFO - Filling up the DagBag from /opt/airflow/dags/dpe_pipeline_dag.py
[2026-03-27T17:20:52.303+0000] {processor.py:840} INFO - DAG(s) 'dpe_pipeline_existant' retrieved from /opt/airflow/dags/dpe_pipeline_dag.py
[2026-03-27T17:20:52.339+0000] {logging_mixin.py:188} INFO - [2026-03-27T17:20:52.339+0000] {dag.py:3096} INFO - Sync 1 DAGs
[2026-03-27T17:20:52.371+0000] {logging_mixin.py:188} INFO - [2026-03-27T17:20:52.371+0000] {dag.py:3954} INFO - Setting next_dagrun for dpe_pipeline_existant to 2026-03-26 00:00:00+00:00, run_after=2026-03-27 00:00:00+00:00
[2026-03-27T17:20:52.402+0000] {processor.py:183} INFO - Processing /opt/airflow/dags/dpe_pipeline_dag.py took 0.136 seconds
[2026-03-27T17:21:22.604+0000] {processor.py:161} INFO - Started process (PID=199) to work on /opt/airflow/dags/dpe_pipeline_dag.py
[2026-03-27T17:21:22.605+0000] {processor.py:830} INFO - Processing file /opt/airflow/dags/dpe_pipeline_dag.py for tasks to queue
[2026-03-27T17:21:22.607+0000] {logging_mixin.py:188} INFO - [2026-03-27T17:21:22.607+0000] {dagbag.py:545} INFO - Filling up the DagBag from /opt/airflow/dags/dpe_pipeline_dag.py
[2026-03-27T17:21:22.642+0000] {processor.py:840} INFO - DAG(s) 'dpe_pipeline_existant' retrieved from /opt/airflow/dags/dpe_pipeline_dag.py
[2026-03-27T17:21:22.682+0000] {logging_mixin.py:188} INFO - [2026-03-27T17:21:22.682+0000] {dag.py:3096} INFO - Sync 1 DAGs
[2026-03-27T17:21:22.711+0000] {logging_mixin.py:188} INFO - [2026-03-27T17:21:22.711+0000] {dag.py:3954} INFO - Setting next_dagrun for dpe_pipeline_existant to 2026-03-26 00:00:00+00:00, run_after=2026-03-27 00:00:00+00:00
[2026-03-27T17:21:22.738+0000] {processor.py:183} INFO - Processing /opt/airflow/dags/dpe_pipeline_dag.py took 0.142 seconds
[2026-03-27T17:21:53.029+0000] {processor.py:161} INFO - Started process (PID=204) to work on /opt/airflow/dags/dpe_pipeline_dag.py
[2026-03-27T17:21:53.033+0000] {processor.py:830} INFO - Processing file /opt/airflow/dags/dpe_pipeline_dag.py for tasks to queue
[2026-03-27T17:21:53.036+0000] {logging_mixin.py:188} INFO - [2026-03-27T17:21:53.035+0000] {dagbag.py:545} INFO - Filling up the DagBag from /opt/airflow/dags/dpe_pipeline_dag.py
[2026-03-27T17:21:53.062+0000] {processor.py:840} INFO - DAG(s) 'dpe_pipeline_existant' retrieved from /opt/airflow/dags/dpe_pipeline_dag.py
[2026-03-27T17:21:53.118+0000] {logging_mixin.py:188} INFO - [2026-03-27T17:21:53.116+0000] {dag.py:3096} INFO - Sync 1 DAGs
[2026-03-27T17:21:53.201+0000] {logging_mixin.py:188} INFO - [2026-03-27T17:21:53.200+0000] {dag.py:3954} INFO - Setting next_dagrun for dpe_pipeline_existant to 2026-03-26 00:00:00+00:00, run_after=2026-03-27 00:00:00+00:00
[2026-03-27T17:21:53.232+0000] {processor.py:183} INFO - Processing /opt/airflow/dags/dpe_pipeline_dag.py took 0.250 seconds
[2026-03-27T17:22:23.396+0000] {processor.py:161} INFO - Started process (PID=209) to work on /opt/airflow/dags/dpe_pipeline_dag.py
[2026-03-27T17:22:23.398+0000] {processor.py:830} INFO - Processing file /opt/airflow/dags/dpe_pipeline_dag.py for tasks to queue
[2026-03-27T17:22:23.401+0000] {logging_mixin.py:188} INFO - [2026-03-27T17:22:23.400+0000] {dagbag.py:545} INFO - Filling up the DagBag from /opt/airflow/dags/dpe_pipeline_dag.py
[2026-03-27T17:22:23.428+0000] {processor.py:840} INFO - DAG(s) 'dpe_pipeline_existant' retrieved from /opt/airflow/dags/dpe_pipeline_dag.py
[2026-03-27T17:22:23.466+0000] {logging_mixin.py:188} INFO - [2026-03-27T17:22:23.465+0000] {dag.py:3096} INFO - Sync 1 DAGs
[2026-03-27T17:22:23.497+0000] {logging_mixin.py:188} INFO - [2026-03-27T17:22:23.497+0000] {dag.py:3954} INFO - Setting next_dagrun for dpe_pipeline_existant to 2026-03-26 00:00:00+00:00, run_after=2026-03-27 00:00:00+00:00
[2026-03-27T17:22:23.523+0000] {processor.py:183} INFO - Processing /opt/airflow/dags/dpe_pipeline_dag.py took 0.135 seconds
[2026-03-27T17:22:53.976+0000] {processor.py:161} INFO - Started process (PID=214) to work on /opt/airflow/dags/dpe_pipeline_dag.py
[2026-03-27T17:22:53.978+0000] {processor.py:830} INFO - Processing file /opt/airflow/dags/dpe_pipeline_dag.py for tasks to queue
[2026-03-27T17:22:53.981+0000] {logging_mixin.py:188} INFO - [2026-03-27T17:22:53.980+0000] {dagbag.py:545} INFO - Filling up the DagBag from /opt/airflow/dags/dpe_pipeline_dag.py
[2026-03-27T17:22:54.013+0000] {processor.py:840} INFO - DAG(s) 'dpe_pipeline_existant' retrieved from /opt/airflow/dags/dpe_pipeline_dag.py
[2026-03-27T17:22:54.050+0000] {logging_mixin.py:188} INFO - [2026-03-27T17:22:54.050+0000] {dag.py:3096} INFO - Sync 1 DAGs
[2026-03-27T17:22:54.080+0000] {logging_mixin.py:188} INFO - [2026-03-27T17:22:54.079+0000] {dag.py:3954} INFO - Setting next_dagrun for dpe_pipeline_existant to 2026-03-26 00:00:00+00:00, run_after=2026-03-27 00:00:00+00:00
[2026-03-27T17:22:54.105+0000] {processor.py:183} INFO - Processing /opt/airflow/dags/dpe_pipeline_dag.py took 0.136 seconds
[2026-03-27T17:23:24.201+0000] {processor.py:161} INFO - Started process (PID=219) to work on /opt/airflow/dags/dpe_pipeline_dag.py
[2026-03-27T17:23:24.203+0000] {processor.py:830} INFO - Processing file /opt/airflow/dags/dpe_pipeline_dag.py for tasks to queue
[2026-03-27T17:23:24.206+0000] {logging_mixin.py:188} INFO - [2026-03-27T17:23:24.205+0000] {dagbag.py:545} INFO - Filling up the DagBag from /opt/airflow/dags/dpe_pipeline_dag.py
[2026-03-27T17:23:24.240+0000] {processor.py:840} INFO - DAG(s) 'dpe_pipeline_existant' retrieved from /opt/airflow/dags/dpe_pipeline_dag.py
[2026-03-27T17:23:24.289+0000] {logging_mixin.py:188} INFO - [2026-03-27T17:23:24.289+0000] {dag.py:3096} INFO - Sync 1 DAGs
[2026-03-27T17:23:24.322+0000] {logging_mixin.py:188} INFO - [2026-03-27T17:23:24.322+0000] {dag.py:3954} INFO - Setting next_dagrun for dpe_pipeline_existant to 2026-03-26 00:00:00+00:00, run_after=2026-03-27 00:00:00+00:00
[2026-03-27T17:23:24.351+0000] {processor.py:183} INFO - Processing /opt/airflow/dags/dpe_pipeline_dag.py took 0.157 seconds
[2026-03-27T17:23:54.551+0000] {processor.py:161} INFO - Started process (PID=224) to work on /opt/airflow/dags/dpe_pipeline_dag.py
[2026-03-27T17:23:54.553+0000] {processor.py:830} INFO - Processing file /opt/airflow/dags/dpe_pipeline_dag.py for tasks to queue
[2026-03-27T17:23:54.556+0000] {logging_mixin.py:188} INFO - [2026-03-27T17:23:54.556+0000] {dagbag.py:545} INFO - Filling up the DagBag from /opt/airflow/dags/dpe_pipeline_dag.py
[2026-03-27T17:23:54.594+0000] {processor.py:840} INFO - DAG(s) 'dpe_pipeline_existant' retrieved from /opt/airflow/dags/dpe_pipeline_dag.py
[2026-03-27T17:23:54.650+0000] {logging_mixin.py:188} INFO - [2026-03-27T17:23:54.650+0000] {dag.py:3096} INFO - Sync 1 DAGs
[2026-03-27T17:23:54.700+0000] {logging_mixin.py:188} INFO - [2026-03-27T17:23:54.700+0000] {dag.py:3954} INFO - Setting next_dagrun for dpe_pipeline_existant to 2026-03-26 00:00:00+00:00, run_after=2026-03-27 00:00:00+00:00
[2026-03-27T17:23:54.733+0000] {processor.py:183} INFO - Processing /opt/airflow/dags/dpe_pipeline_dag.py took 0.191 seconds
[2026-03-27T17:24:25.008+0000] {processor.py:161} INFO - Started process (PID=229) to work on /opt/airflow/dags/dpe_pipeline_dag.py
[2026-03-27T17:24:25.009+0000] {processor.py:830} INFO - Processing file /opt/airflow/dags/dpe_pipeline_dag.py for tasks to queue
[2026-03-27T17:24:25.012+0000] {logging_mixin.py:188} INFO - [2026-03-27T17:24:25.011+0000] {dagbag.py:545} INFO - Filling up the DagBag from /opt/airflow/dags/dpe_pipeline_dag.py
[2026-03-27T17:24:25.043+0000] {processor.py:840} INFO - DAG(s) 'dpe_pipeline_existant' retrieved from /opt/airflow/dags/dpe_pipeline_dag.py
[2026-03-27T17:24:25.095+0000] {logging_mixin.py:188} INFO - [2026-03-27T17:24:25.095+0000] {dag.py:3096} INFO - Sync 1 DAGs
[2026-03-27T17:24:25.133+0000] {logging_mixin.py:188} INFO - [2026-03-27T17:24:25.133+0000] {dag.py:3954} INFO - Setting next_dagrun for dpe_pipeline_existant to 2026-03-26 00:00:00+00:00, run_after=2026-03-27 00:00:00+00:00
[2026-03-27T17:24:25.165+0000] {processor.py:183} INFO - Processing /opt/airflow/dags/dpe_pipeline_dag.py took 0.166 seconds
[2026-03-27T17:24:55.365+0000] {processor.py:161} INFO - Started process (PID=234) to work on /opt/airflow/dags/dpe_pipeline_dag.py
[2026-03-27T17:24:55.367+0000] {processor.py:830} INFO - Processing file /opt/airflow/dags/dpe_pipeline_dag.py for tasks to queue
[2026-03-27T17:24:55.369+0000] {logging_mixin.py:188} INFO - [2026-03-27T17:24:55.369+0000] {dagbag.py:545} INFO - Filling up the DagBag from /opt/airflow/dags/dpe_pipeline_dag.py
[2026-03-27T17:24:55.397+0000] {processor.py:840} INFO - DAG(s) 'dpe_pipeline_existant' retrieved from /opt/airflow/dags/dpe_pipeline_dag.py
[2026-03-27T17:24:55.434+0000] {logging_mixin.py:188} INFO - [2026-03-27T17:24:55.433+0000] {dag.py:3096} INFO - Sync 1 DAGs
[2026-03-27T17:24:55.461+0000] {logging_mixin.py:188} INFO - [2026-03-27T17:24:55.460+0000] {dag.py:3954} INFO - Setting next_dagrun for dpe_pipeline_existant to 2026-03-26 00:00:00+00:00, run_after=2026-03-27 00:00:00+00:00
[2026-03-27T17:24:55.487+0000] {processor.py:183} INFO - Processing /opt/airflow/dags/dpe_pipeline_dag.py took 0.132 seconds
[2026-03-27T17:25:25.822+0000] {processor.py:161} INFO - Started process (PID=239) to work on /opt/airflow/dags/dpe_pipeline_dag.py
[2026-03-27T17:25:25.823+0000] {processor.py:830} INFO - Processing file /opt/airflow/dags/dpe_pipeline_dag.py for tasks to queue
[2026-03-27T17:25:25.826+0000] {logging_mixin.py:188} INFO - [2026-03-27T17:25:25.825+0000] {dagbag.py:545} INFO - Filling up the DagBag from /opt/airflow/dags/dpe_pipeline_dag.py
[2026-03-27T17:25:25.857+0000] {processor.py:840} INFO - DAG(s) 'dpe_pipeline_existant' retrieved from /opt/airflow/dags/dpe_pipeline_dag.py
[2026-03-27T17:25:25.904+0000] {logging_mixin.py:188} INFO - [2026-03-27T17:25:25.903+0000] {dag.py:3096} INFO - Sync 1 DAGs
[2026-03-27T17:25:25.940+0000] {logging_mixin.py:188} INFO - [2026-03-27T17:25:25.940+0000] {dag.py:3954} INFO - Setting next_dagrun for dpe_pipeline_existant to 2026-03-26 00:00:00+00:00, run_after=2026-03-27 00:00:00+00:00
[2026-03-27T17:25:25.966+0000] {processor.py:183} INFO - Processing /opt/airflow/dags/dpe_pipeline_dag.py took 0.152 seconds
[2026-03-27T17:25:56.193+0000] {processor.py:161} INFO - Started process (PID=244) to work on /opt/airflow/dags/dpe_pipeline_dag.py
[2026-03-27T17:25:56.194+0000] {processor.py:830} INFO - Processing file /opt/airflow/dags/dpe_pipeline_dag.py for tasks to queue
[2026-03-27T17:25:56.197+0000] {logging_mixin.py:188} INFO - [2026-03-27T17:25:56.196+0000] {dagbag.py:545} INFO - Filling up the DagBag from /opt/airflow/dags/dpe_pipeline_dag.py
[2026-03-27T17:25:56.228+0000] {processor.py:840} INFO - DAG(s) 'dpe_pipeline_existant' retrieved from /opt/airflow/dags/dpe_pipeline_dag.py
[2026-03-27T17:25:56.266+0000] {logging_mixin.py:188} INFO - [2026-03-27T17:25:56.266+0000] {dag.py:3096} INFO - Sync 1 DAGs
[2026-03-27T17:25:56.294+0000] {logging_mixin.py:188} INFO - [2026-03-27T17:25:56.294+0000] {dag.py:3954} INFO - Setting next_dagrun for dpe_pipeline_existant to 2026-03-26 00:00:00+00:00, run_after=2026-03-27 00:00:00+00:00
[2026-03-27T17:25:56.319+0000] {processor.py:183} INFO - Processing /opt/airflow/dags/dpe_pipeline_dag.py took 0.133 seconds
[2026-03-27T17:26:26.697+0000] {processor.py:161} INFO - Started process (PID=249) to work on /opt/airflow/dags/dpe_pipeline_dag.py
[2026-03-27T17:26:26.698+0000] {processor.py:830} INFO - Processing file /opt/airflow/dags/dpe_pipeline_dag.py for tasks to queue
[2026-03-27T17:26:26.701+0000] {logging_mixin.py:188} INFO - [2026-03-27T17:26:26.700+0000] {dagbag.py:545} INFO - Filling up the DagBag from /opt/airflow/dags/dpe_pipeline_dag.py
[2026-03-27T17:26:26.734+0000] {processor.py:840} INFO - DAG(s) 'dpe_pipeline_existant' retrieved from /opt/airflow/dags/dpe_pipeline_dag.py
[2026-03-27T17:26:26.882+0000] {logging_mixin.py:188} INFO - [2026-03-27T17:26:26.881+0000] {dag.py:3096} INFO - Sync 1 DAGs
[2026-03-27T17:26:26.969+0000] {logging_mixin.py:188} INFO - [2026-03-27T17:26:26.969+0000] {dag.py:3954} INFO - Setting next_dagrun for dpe_pipeline_existant to 2026-03-26 00:00:00+00:00, run_after=2026-03-27 00:00:00+00:00
[2026-03-27T17:26:27.040+0000] {processor.py:183} INFO - Processing /opt/airflow/dags/dpe_pipeline_dag.py took 0.349 seconds
[2026-03-27T17:26:57.478+0000] {processor.py:161} INFO - Started process (PID=254) to work on /opt/airflow/dags/dpe_pipeline_dag.py
[2026-03-27T17:26:57.480+0000] {processor.py:830} INFO - Processing file /opt/airflow/dags/dpe_pipeline_dag.py for tasks to queue
[2026-03-27T17:26:57.482+0000] {logging_mixin.py:188} INFO - [2026-03-27T17:26:57.482+0000] {dagbag.py:545} INFO - Filling up the DagBag from /opt/airflow/dags/dpe_pipeline_dag.py
[2026-03-27T17:26:57.510+0000] {processor.py:840} INFO - DAG(s) 'dpe_pipeline_existant' retrieved from /opt/airflow/dags/dpe_pipeline_dag.py
[2026-03-27T17:26:57.548+0000] {logging_mixin.py:188} INFO - [2026-03-27T17:26:57.548+0000] {dag.py:3096} INFO - Sync 1 DAGs
[2026-03-27T17:26:57.643+0000] {logging_mixin.py:188} INFO - [2026-03-27T17:26:57.643+0000] {dag.py:3954} INFO - Setting next_dagrun for dpe_pipeline_existant to 2026-03-26 00:00:00+00:00, run_after=2026-03-27 00:00:00+00:00
[2026-03-27T17:26:57.669+0000] {processor.py:183} INFO - Processing /opt/airflow/dags/dpe_pipeline_dag.py took 0.197 seconds
[2026-03-27T17:27:27.869+0000] {processor.py:161} INFO - Started process (PID=259) to work on /opt/airflow/dags/dpe_pipeline_dag.py
[2026-03-27T17:27:27.870+0000] {processor.py:830} INFO - Processing file /opt/airflow/dags/dpe_pipeline_dag.py for tasks to queue
[2026-03-27T17:27:27.873+0000] {logging_mixin.py:188} INFO - [2026-03-27T17:27:27.872+0000] {dagbag.py:545} INFO - Filling up the DagBag from /opt/airflow/dags/dpe_pipeline_dag.py
[2026-03-27T17:27:27.903+0000] {processor.py:840} INFO - DAG(s) 'dpe_pipeline_existant' retrieved from /opt/airflow/dags/dpe_pipeline_dag.py
[2026-03-27T17:27:27.942+0000] {logging_mixin.py:188} INFO - [2026-03-27T17:27:27.942+0000] {dag.py:3096} INFO - Sync 1 DAGs
[2026-03-27T17:27:27.971+0000] {logging_mixin.py:188} INFO - [2026-03-27T17:27:27.970+0000] {dag.py:3954} INFO - Setting next_dagrun for dpe_pipeline_existant to 2026-03-26 00:00:00+00:00, run_after=2026-03-27 00:00:00+00:00
[2026-03-27T17:27:27.998+0000] {processor.py:183} INFO - Processing /opt/airflow/dags/dpe_pipeline_dag.py took 0.137 seconds
[2026-03-27T17:27:58.427+0000] {processor.py:161} INFO - Started process (PID=264) to work on /opt/airflow/dags/dpe_pipeline_dag.py
[2026-03-27T17:27:58.429+0000] {processor.py:830} INFO - Processing file /opt/airflow/dags/dpe_pipeline_dag.py for tasks to queue
[2026-03-27T17:27:58.431+0000] {logging_mixin.py:188} INFO - [2026-03-27T17:27:58.430+0000] {dagbag.py:545} INFO - Filling up the DagBag from /opt/airflow/dags/dpe_pipeline_dag.py
[2026-03-27T17:27:58.459+0000] {processor.py:840} INFO - DAG(s) 'dpe_pipeline_existant' retrieved from /opt/airflow/dags/dpe_pipeline_dag.py
[2026-03-27T17:27:58.495+0000] {logging_mixin.py:188} INFO - [2026-03-27T17:27:58.494+0000] {dag.py:3096} INFO - Sync 1 DAGs
[2026-03-27T17:27:58.521+0000] {logging_mixin.py:188} INFO - [2026-03-27T17:27:58.521+0000] {dag.py:3954} INFO - Setting next_dagrun for dpe_pipeline_existant to 2026-03-26 00:00:00+00:00, run_after=2026-03-27 00:00:00+00:00
[2026-03-27T17:27:58.546+0000] {processor.py:183} INFO - Processing /opt/airflow/dags/dpe_pipeline_dag.py took 0.128 seconds
[2026-03-27T17:28:28.770+0000] {processor.py:161} INFO - Started process (PID=269) to work on /opt/airflow/dags/dpe_pipeline_dag.py
[2026-03-27T17:28:28.771+0000] {processor.py:830} INFO - Processing file /opt/airflow/dags/dpe_pipeline_dag.py for tasks to queue
[2026-03-27T17:28:28.776+0000] {logging_mixin.py:188} INFO - [2026-03-27T17:28:28.775+0000] {dagbag.py:545} INFO - Filling up the DagBag from /opt/airflow/dags/dpe_pipeline_dag.py
[2026-03-27T17:28:28.827+0000] {processor.py:840} INFO - DAG(s) 'dpe_pipeline_existant' retrieved from /opt/airflow/dags/dpe_pipeline_dag.py
[2026-03-27T17:28:28.871+0000] {logging_mixin.py:188} INFO - [2026-03-27T17:28:28.870+0000] {dag.py:3096} INFO - Sync 1 DAGs
[2026-03-27T17:28:28.902+0000] {logging_mixin.py:188} INFO - [2026-03-27T17:28:28.902+0000] {dag.py:3954} INFO - Setting next_dagrun for dpe_pipeline_existant to 2026-03-26 00:00:00+00:00, run_after=2026-03-27 00:00:00+00:00
[2026-03-27T17:28:28.931+0000] {processor.py:183} INFO - Processing /opt/airflow/dags/dpe_pipeline_dag.py took 0.175 seconds
[2026-03-27T17:28:59.157+0000] {processor.py:161} INFO - Started process (PID=274) to work on /opt/airflow/dags/dpe_pipeline_dag.py
[2026-03-27T17:28:59.159+0000] {processor.py:830} INFO - Processing file /opt/airflow/dags/dpe_pipeline_dag.py for tasks to queue
[2026-03-27T17:28:59.162+0000] {logging_mixin.py:188} INFO - [2026-03-27T17:28:59.162+0000] {dagbag.py:545} INFO - Filling up the DagBag from /opt/airflow/dags/dpe_pipeline_dag.py
[2026-03-27T17:28:59.195+0000] {processor.py:840} INFO - DAG(s) 'dpe_pipeline_existant' retrieved from /opt/airflow/dags/dpe_pipeline_dag.py
[2026-03-27T17:28:59.231+0000] {logging_mixin.py:188} INFO - [2026-03-27T17:28:59.231+0000] {dag.py:3096} INFO - Sync 1 DAGs
[2026-03-27T17:28:59.260+0000] {logging_mixin.py:188} INFO - [2026-03-27T17:28:59.259+0000] {dag.py:3954} INFO - Setting next_dagrun for dpe_pipeline_existant to 2026-03-26 00:00:00+00:00, run_after=2026-03-27 00:00:00+00:00
[2026-03-27T17:28:59.285+0000] {processor.py:183} INFO - Processing /opt/airflow/dags/dpe_pipeline_dag.py took 0.135 seconds
[2026-03-27T17:29:29.540+0000] {processor.py:161} INFO - Started process (PID=279) to work on /opt/airflow/dags/dpe_pipeline_dag.py
[2026-03-27T17:29:29.542+0000] {processor.py:830} INFO - Processing file /opt/airflow/dags/dpe_pipeline_dag.py for tasks to queue
[2026-03-27T17:29:29.544+0000] {logging_mixin.py:188} INFO - [2026-03-27T17:29:29.544+0000] {dagbag.py:545} INFO - Filling up the DagBag from /opt/airflow/dags/dpe_pipeline_dag.py
[2026-03-27T17:29:29.576+0000] {processor.py:840} INFO - DAG(s) 'dpe_pipeline_existant' retrieved from /opt/airflow/dags/dpe_pipeline_dag.py
[2026-03-27T17:29:29.616+0000] {logging_mixin.py:188} INFO - [2026-03-27T17:29:29.616+0000] {dag.py:3096} INFO - Sync 1 DAGs
[2026-03-27T17:29:29.644+0000] {logging_mixin.py:188} INFO - [2026-03-27T17:29:29.644+0000] {dag.py:3954} INFO - Setting next_dagrun for dpe_pipeline_existant to 2026-03-26 00:00:00+00:00, run_after=2026-03-27 00:00:00+00:00
[2026-03-27T17:29:29.670+0000] {processor.py:183} INFO - Processing /opt/airflow/dags/dpe_pipeline_dag.py took 0.137 seconds
[2026-03-27T17:30:00.110+0000] {processor.py:161} INFO - Started process (PID=284) to work on /opt/airflow/dags/dpe_pipeline_dag.py
[2026-03-27T17:30:00.111+0000] {processor.py:830} INFO - Processing file /opt/airflow/dags/dpe_pipeline_dag.py for tasks to queue
[2026-03-27T17:30:00.113+0000] {logging_mixin.py:188} INFO - [2026-03-27T17:30:00.113+0000] {dagbag.py:545} INFO - Filling up the DagBag from /opt/airflow/dags/dpe_pipeline_dag.py
[2026-03-27T17:30:00.144+0000] {processor.py:840} INFO - DAG(s) 'dpe_pipeline_existant' retrieved from /opt/airflow/dags/dpe_pipeline_dag.py
[2026-03-27T17:30:00.205+0000] {logging_mixin.py:188} INFO - [2026-03-27T17:30:00.205+0000] {dag.py:3096} INFO - Sync 1 DAGs
[2026-03-27T17:30:00.235+0000] {logging_mixin.py:188} INFO - [2026-03-27T17:30:00.235+0000] {dag.py:3954} INFO - Setting next_dagrun for dpe_pipeline_existant to 2026-03-26 00:00:00+00:00, run_after=2026-03-27 00:00:00+00:00
[2026-03-27T17:30:00.261+0000] {processor.py:183} INFO - Processing /opt/airflow/dags/dpe_pipeline_dag.py took 0.157 seconds
[2026-03-27T17:30:30.593+0000] {processor.py:161} INFO - Started process (PID=289) to work on /opt/airflow/dags/dpe_pipeline_dag.py
[2026-03-27T17:30:30.595+0000] {processor.py:830} INFO - Processing file /opt/airflow/dags/dpe_pipeline_dag.py for tasks to queue
[2026-03-27T17:30:30.597+0000] {logging_mixin.py:188} INFO - [2026-03-27T17:30:30.597+0000] {dagbag.py:545} INFO - Filling up the DagBag from /opt/airflow/dags/dpe_pipeline_dag.py
[2026-03-27T17:30:30.632+0000] {processor.py:840} INFO - DAG(s) 'dpe_pipeline_existant' retrieved from /opt/airflow/dags/dpe_pipeline_dag.py
[2026-03-27T17:30:30.669+0000] {logging_mixin.py:188} INFO - [2026-03-27T17:30:30.669+0000] {dag.py:3096} INFO - Sync 1 DAGs
[2026-03-27T17:30:30.697+0000] {logging_mixin.py:188} INFO - [2026-03-27T17:30:30.697+0000] {dag.py:3954} INFO - Setting next_dagrun for dpe_pipeline_existant to 2026-03-26 00:00:00+00:00, run_after=2026-03-27 00:00:00+00:00
[2026-03-27T17:30:30.726+0000] {processor.py:183} INFO - Processing /opt/airflow/dags/dpe_pipeline_dag.py took 0.146 seconds
[2026-03-27T17:31:01.050+0000] {processor.py:161} INFO - Started process (PID=294) to work on /opt/airflow/dags/dpe_pipeline_dag.py
[2026-03-27T17:31:01.052+0000] {processor.py:830} INFO - Processing file /opt/airflow/dags/dpe_pipeline_dag.py for tasks to queue
[2026-03-27T17:31:01.055+0000] {logging_mixin.py:188} INFO - [2026-03-27T17:31:01.054+0000] {dagbag.py:545} INFO - Filling up the DagBag from /opt/airflow/dags/dpe_pipeline_dag.py
[2026-03-27T17:31:01.172+0000] {processor.py:840} INFO - DAG(s) 'dpe_pipeline_existant' retrieved from /opt/airflow/dags/dpe_pipeline_dag.py
[2026-03-27T17:31:01.311+0000] {logging_mixin.py:188} INFO - [2026-03-27T17:31:01.311+0000] {dag.py:3096} INFO - Sync 1 DAGs
[2026-03-27T17:31:01.348+0000] {logging_mixin.py:188} INFO - [2026-03-27T17:31:01.348+0000] {dag.py:3954} INFO - Setting next_dagrun for dpe_pipeline_existant to 2026-03-26 00:00:00+00:00, run_after=2026-03-27 00:00:00+00:00
[2026-03-27T17:31:01.379+0000] {processor.py:183} INFO - Processing /opt/airflow/dags/dpe_pipeline_dag.py took 0.335 seconds
[2026-03-27T17:31:31.785+0000] {processor.py:161} INFO - Started process (PID=299) to work on /opt/airflow/dags/dpe_pipeline_dag.py
[2026-03-27T17:31:31.787+0000] {processor.py:830} INFO - Processing file /opt/airflow/dags/dpe_pipeline_dag.py for tasks to queue
[2026-03-27T17:31:31.789+0000] {logging_mixin.py:188} INFO - [2026-03-27T17:31:31.789+0000] {dagbag.py:545} INFO - Filling up the DagBag from /opt/airflow/dags/dpe_pipeline_dag.py
[2026-03-27T17:31:31.817+0000] {processor.py:840} INFO - DAG(s) 'dpe_pipeline_existant' retrieved from /opt/airflow/dags/dpe_pipeline_dag.py
[2026-03-27T17:31:31.860+0000] {logging_mixin.py:188} INFO - [2026-03-27T17:31:31.860+0000] {dag.py:3096} INFO - Sync 1 DAGs
[2026-03-27T17:31:31.894+0000] {logging_mixin.py:188} INFO - [2026-03-27T17:31:31.894+0000] {dag.py:3954} INFO - Setting next_dagrun for dpe_pipeline_existant to 2026-03-26 00:00:00+00:00, run_after=2026-03-27 00:00:00+00:00
[2026-03-27T17:31:31.921+0000] {processor.py:183} INFO - Processing /opt/airflow/dags/dpe_pipeline_dag.py took 0.144 seconds
[2026-03-27T17:32:02.116+0000] {processor.py:161} INFO - Started process (PID=304) to work on /opt/airflow/dags/dpe_pipeline_dag.py
[2026-03-27T17:32:02.118+0000] {processor.py:830} INFO - Processing file /opt/airflow/dags/dpe_pipeline_dag.py for tasks to queue
[2026-03-27T17:32:02.120+0000] {logging_mixin.py:188} INFO - [2026-03-27T17:32:02.120+0000] {dagbag.py:545} INFO - Filling up the DagBag from /opt/airflow/dags/dpe_pipeline_dag.py
[2026-03-27T17:32:02.279+0000] {processor.py:840} INFO - DAG(s) 'dpe_pipeline_existant' retrieved from /opt/airflow/dags/dpe_pipeline_dag.py
[2026-03-27T17:32:02.346+0000] {logging_mixin.py:188} INFO - [2026-03-27T17:32:02.346+0000] {dag.py:3096} INFO - Sync 1 DAGs
[2026-03-27T17:32:02.408+0000] {logging_mixin.py:188} INFO - [2026-03-27T17:32:02.407+0000] {dag.py:3954} INFO - Setting next_dagrun for dpe_pipeline_existant to 2026-03-26 00:00:00+00:00, run_after=2026-03-27 00:00:00+00:00
[2026-03-27T17:32:02.440+0000] {processor.py:183} INFO - Processing /opt/airflow/dags/dpe_pipeline_dag.py took 0.332 seconds
[2026-03-27T17:32:32.667+0000] {processor.py:161} INFO - Started process (PID=309) to work on /opt/airflow/dags/dpe_pipeline_dag.py
[2026-03-27T17:32:32.670+0000] {processor.py:830} INFO - Processing file /opt/airflow/dags/dpe_pipeline_dag.py for tasks to queue
[2026-03-27T17:32:32.674+0000] {logging_mixin.py:188} INFO - [2026-03-27T17:32:32.674+0000] {dagbag.py:545} INFO - Filling up the DagBag from /opt/airflow/dags/dpe_pipeline_dag.py
[2026-03-27T17:32:32.716+0000] {processor.py:840} INFO - DAG(s) 'dpe_pipeline_existant' retrieved from /opt/airflow/dags/dpe_pipeline_dag.py
[2026-03-27T17:32:32.764+0000] {logging_mixin.py:188} INFO - [2026-03-27T17:32:32.764+0000] {dag.py:3096} INFO - Sync 1 DAGs
[2026-03-27T17:32:32.942+0000] {logging_mixin.py:188} INFO - [2026-03-27T17:32:32.941+0000] {dag.py:3954} INFO - Setting next_dagrun for dpe_pipeline_existant to 2026-03-26 00:00:00+00:00, run_after=2026-03-27 00:00:00+00:00
[2026-03-27T17:32:33.076+0000] {processor.py:183} INFO - Processing /opt/airflow/dags/dpe_pipeline_dag.py took 0.477 seconds
[2026-03-27T17:33:03.572+0000] {processor.py:161} INFO - Started process (PID=314) to work on /opt/airflow/dags/dpe_pipeline_dag.py
[2026-03-27T17:33:03.576+0000] {processor.py:830} INFO - Processing file /opt/airflow/dags/dpe_pipeline_dag.py for tasks to queue
[2026-03-27T17:33:03.587+0000] {logging_mixin.py:188} INFO - [2026-03-27T17:33:03.583+0000] {dagbag.py:545} INFO - Filling up the DagBag from /opt/airflow/dags/dpe_pipeline_dag.py
[2026-03-27T17:33:03.758+0000] {processor.py:840} INFO - DAG(s) 'dpe_pipeline_existant' retrieved from /opt/airflow/dags/dpe_pipeline_dag.py
[2026-03-27T17:33:03.842+0000] {logging_mixin.py:188} INFO - [2026-03-27T17:33:03.842+0000] {dag.py:3096} INFO - Sync 1 DAGs
[2026-03-27T17:33:03.876+0000] {logging_mixin.py:188} INFO - [2026-03-27T17:33:03.876+0000] {dag.py:3954} INFO - Setting next_dagrun for dpe_pipeline_existant to 2026-03-26 00:00:00+00:00, run_after=2026-03-27 00:00:00+00:00
[2026-03-27T17:33:03.905+0000] {processor.py:183} INFO - Processing /opt/airflow/dags/dpe_pipeline_dag.py took 0.368 seconds
[2026-03-27T17:33:34.311+0000] {processor.py:161} INFO - Started process (PID=319) to work on /opt/airflow/dags/dpe_pipeline_dag.py
[2026-03-27T17:33:34.312+0000] {processor.py:830} INFO - Processing file /opt/airflow/dags/dpe_pipeline_dag.py for tasks to queue
[2026-03-27T17:33:34.315+0000] {logging_mixin.py:188} INFO - [2026-03-27T17:33:34.315+0000] {dagbag.py:545} INFO - Filling up the DagBag from /opt/airflow/dags/dpe_pipeline_dag.py
[2026-03-27T17:33:34.351+0000] {processor.py:840} INFO - DAG(s) 'dpe_pipeline_existant' retrieved from /opt/airflow/dags/dpe_pipeline_dag.py
[2026-03-27T17:33:34.397+0000] {logging_mixin.py:188} INFO - [2026-03-27T17:33:34.397+0000] {dag.py:3096} INFO - Sync 1 DAGs
[2026-03-27T17:33:34.429+0000] {logging_mixin.py:188} INFO - [2026-03-27T17:33:34.429+0000] {dag.py:3954} INFO - Setting next_dagrun for dpe_pipeline_existant to 2026-03-26 00:00:00+00:00, run_after=2026-03-27 00:00:00+00:00
[2026-03-27T17:33:34.454+0000] {processor.py:183} INFO - Processing /opt/airflow/dags/dpe_pipeline_dag.py took 0.159 seconds
[2026-03-27T17:34:04.656+0000] {processor.py:161} INFO - Started process (PID=324) to work on /opt/airflow/dags/dpe_pipeline_dag.py
[2026-03-27T17:34:04.657+0000] {processor.py:830} INFO - Processing file /opt/airflow/dags/dpe_pipeline_dag.py for tasks to queue
[2026-03-27T17:34:04.659+0000] {logging_mixin.py:188} INFO - [2026-03-27T17:34:04.659+0000] {dagbag.py:545} INFO - Filling up the DagBag from /opt/airflow/dags/dpe_pipeline_dag.py
[2026-03-27T17:34:04.686+0000] {processor.py:840} INFO - DAG(s) 'dpe_pipeline_existant' retrieved from /opt/airflow/dags/dpe_pipeline_dag.py
[2026-03-27T17:34:04.725+0000] {logging_mixin.py:188} INFO - [2026-03-27T17:34:04.725+0000] {dag.py:3096} INFO - Sync 1 DAGs
[2026-03-27T17:34:04.753+0000] {logging_mixin.py:188} INFO - [2026-03-27T17:34:04.752+0000] {dag.py:3954} INFO - Setting next_dagrun for dpe_pipeline_existant to 2026-03-26 00:00:00+00:00, run_after=2026-03-27 00:00:00+00:00
[2026-03-27T17:34:04.777+0000] {processor.py:183} INFO - Processing /opt/airflow/dags/dpe_pipeline_dag.py took 0.128 seconds
[2026-03-27T17:34:35.064+0000] {processor.py:161} INFO - Started process (PID=329) to work on /opt/airflow/dags/dpe_pipeline_dag.py
[2026-03-27T17:34:35.071+0000] {processor.py:830} INFO - Processing file /opt/airflow/dags/dpe_pipeline_dag.py for tasks to queue
[2026-03-27T17:34:35.075+0000] {logging_mixin.py:188} INFO - [2026-03-27T17:34:35.075+0000] {dagbag.py:545} INFO - Filling up the DagBag from /opt/airflow/dags/dpe_pipeline_dag.py
[2026-03-27T17:34:35.160+0000] {processor.py:840} INFO - DAG(s) 'dpe_pipeline_existant' retrieved from /opt/airflow/dags/dpe_pipeline_dag.py
[2026-03-27T17:34:35.250+0000] {logging_mixin.py:188} INFO - [2026-03-27T17:34:35.249+0000] {dag.py:3096} INFO - Sync 1 DAGs
[2026-03-27T17:34:35.311+0000] {logging_mixin.py:188} INFO - [2026-03-27T17:34:35.310+0000] {dag.py:3954} INFO - Setting next_dagrun for dpe_pipeline_existant to 2026-03-26 00:00:00+00:00, run_after=2026-03-27 00:00:00+00:00
[2026-03-27T17:34:35.368+0000] {processor.py:183} INFO - Processing /opt/airflow/dags/dpe_pipeline_dag.py took 0.319 seconds
[2026-03-27T17:35:05.733+0000] {processor.py:161} INFO - Started process (PID=334) to work on /opt/airflow/dags/dpe_pipeline_dag.py
[2026-03-27T17:35:05.735+0000] {processor.py:830} INFO - Processing file /opt/airflow/dags/dpe_pipeline_dag.py for tasks to queue
[2026-03-27T17:35:05.738+0000] {logging_mixin.py:188} INFO - [2026-03-27T17:35:05.737+0000] {dagbag.py:545} INFO - Filling up the DagBag from /opt/airflow/dags/dpe_pipeline_dag.py
[2026-03-27T17:35:05.771+0000] {processor.py:840} INFO - DAG(s) 'dpe_pipeline_existant' retrieved from /opt/airflow/dags/dpe_pipeline_dag.py
[2026-03-27T17:35:05.817+0000] {logging_mixin.py:188} INFO - [2026-03-27T17:35:05.817+0000] {dag.py:3096} INFO - Sync 1 DAGs
[2026-03-27T17:35:05.850+0000] {logging_mixin.py:188} INFO - [2026-03-27T17:35:05.850+0000] {dag.py:3954} INFO - Setting next_dagrun for dpe_pipeline_existant to 2026-03-26 00:00:00+00:00, run_after=2026-03-27 00:00:00+00:00
[2026-03-27T17:35:05.876+0000] {processor.py:183} INFO - Processing /opt/airflow/dags/dpe_pipeline_dag.py took 0.151 seconds
[2026-03-27T17:35:35.987+0000] {processor.py:161} INFO - Started process (PID=339) to work on /opt/airflow/dags/dpe_pipeline_dag.py
[2026-03-27T17:35:35.989+0000] {processor.py:830} INFO - Processing file /opt/airflow/dags/dpe_pipeline_dag.py for tasks to queue
[2026-03-27T17:35:35.991+0000] {logging_mixin.py:188} INFO - [2026-03-27T17:35:35.991+0000] {dagbag.py:545} INFO - Filling up the DagBag from /opt/airflow/dags/dpe_pipeline_dag.py
[2026-03-27T17:35:36.025+0000] {processor.py:840} INFO - DAG(s) 'dpe_pipeline_existant' retrieved from /opt/airflow/dags/dpe_pipeline_dag.py
[2026-03-27T17:35:36.065+0000] {logging_mixin.py:188} INFO - [2026-03-27T17:35:36.065+0000] {dag.py:3096} INFO - Sync 1 DAGs
[2026-03-27T17:35:36.093+0000] {logging_mixin.py:188} INFO - [2026-03-27T17:35:36.093+0000] {dag.py:3954} INFO - Setting next_dagrun for dpe_pipeline_existant to 2026-03-26 00:00:00+00:00, run_after=2026-03-27 00:00:00+00:00
[2026-03-27T17:35:36.120+0000] {processor.py:183} INFO - Processing /opt/airflow/dags/dpe_pipeline_dag.py took 0.142 seconds
[2026-03-27T17:36:06.803+0000] {processor.py:161} INFO - Started process (PID=344) to work on /opt/airflow/dags/dpe_pipeline_dag.py
[2026-03-27T17:36:06.846+0000] {processor.py:830} INFO - Processing file /opt/airflow/dags/dpe_pipeline_dag.py for tasks to queue
[2026-03-27T17:36:06.964+0000] {logging_mixin.py:188} INFO - [2026-03-27T17:36:06.919+0000] {dagbag.py:545} INFO - Filling up the DagBag from /opt/airflow/dags/dpe_pipeline_dag.py
[2026-03-27T17:36:07.255+0000] {processor.py:840} INFO - DAG(s) 'dpe_pipeline_existant' retrieved from /opt/airflow/dags/dpe_pipeline_dag.py
[2026-03-27T17:36:07.430+0000] {logging_mixin.py:188} INFO - [2026-03-27T17:36:07.430+0000] {dag.py:3096} INFO - Sync 1 DAGs
[2026-03-27T17:36:07.679+0000] {logging_mixin.py:188} INFO - [2026-03-27T17:36:07.678+0000] {dag.py:3954} INFO - Setting next_dagrun for dpe_pipeline_existant to 2026-03-26 00:00:00+00:00, run_after=2026-03-27 00:00:00+00:00
[2026-03-27T17:36:07.727+0000] {processor.py:183} INFO - Processing /opt/airflow/dags/dpe_pipeline_dag.py took 1.182 seconds
[2026-03-27T17:36:37.844+0000] {processor.py:161} INFO - Started process (PID=349) to work on /opt/airflow/dags/dpe_pipeline_dag.py
[2026-03-27T17:36:37.845+0000] {processor.py:830} INFO - Processing file /opt/airflow/dags/dpe_pipeline_dag.py for tasks to queue
[2026-03-27T17:36:37.848+0000] {logging_mixin.py:188} INFO - [2026-03-27T17:36:37.847+0000] {dagbag.py:545} INFO - Filling up the DagBag from /opt/airflow/dags/dpe_pipeline_dag.py
[2026-03-27T17:36:37.873+0000] {processor.py:840} INFO - DAG(s) 'dpe_pipeline_existant' retrieved from /opt/airflow/dags/dpe_pipeline_dag.py
[2026-03-27T17:36:37.922+0000] {logging_mixin.py:188} INFO - [2026-03-27T17:36:37.921+0000] {dag.py:3096} INFO - Sync 1 DAGs
[2026-03-27T17:36:37.953+0000] {logging_mixin.py:188} INFO - [2026-03-27T17:36:37.953+0000] {dag.py:3954} INFO - Setting next_dagrun for dpe_pipeline_existant to 2026-03-26 00:00:00+00:00, run_after=2026-03-27 00:00:00+00:00
[2026-03-27T17:36:37.979+0000] {processor.py:183} INFO - Processing /opt/airflow/dags/dpe_pipeline_dag.py took 0.144 seconds
[2026-03-27T17:37:08.303+0000] {processor.py:161} INFO - Started process (PID=354) to work on /opt/airflow/dags/dpe_pipeline_dag.py
[2026-03-27T17:37:08.305+0000] {processor.py:830} INFO - Processing file /opt/airflow/dags/dpe_pipeline_dag.py for tasks to queue
[2026-03-27T17:37:08.307+0000] {logging_mixin.py:188} INFO - [2026-03-27T17:37:08.307+0000] {dagbag.py:545} INFO - Filling up the DagBag from /opt/airflow/dags/dpe_pipeline_dag.py
[2026-03-27T17:37:08.338+0000] {processor.py:840} INFO - DAG(s) 'dpe_pipeline_existant' retrieved from /opt/airflow/dags/dpe_pipeline_dag.py
[2026-03-27T17:37:08.379+0000] {logging_mixin.py:188} INFO - [2026-03-27T17:37:08.379+0000] {dag.py:3096} INFO - Sync 1 DAGs
[2026-03-27T17:37:08.411+0000] {logging_mixin.py:188} INFO - [2026-03-27T17:37:08.411+0000] {dag.py:3954} INFO - Setting next_dagrun for dpe_pipeline_existant to 2026-03-26 00:00:00+00:00, run_after=2026-03-27 00:00:00+00:00
[2026-03-27T17:37:08.441+0000] {processor.py:183} INFO - Processing /opt/airflow/dags/dpe_pipeline_dag.py took 0.145 seconds
[2026-03-27T17:37:38.590+0000] {processor.py:161} INFO - Started process (PID=359) to work on /opt/airflow/dags/dpe_pipeline_dag.py
[2026-03-27T17:37:38.591+0000] {processor.py:830} INFO - Processing file /opt/airflow/dags/dpe_pipeline_dag.py for tasks to queue
[2026-03-27T17:37:38.594+0000] {logging_mixin.py:188} INFO - [2026-03-27T17:37:38.593+0000] {dagbag.py:545} INFO - Filling up the DagBag from /opt/airflow/dags/dpe_pipeline_dag.py
[2026-03-27T17:37:38.630+0000] {processor.py:840} INFO - DAG(s) 'dpe_pipeline_existant' retrieved from /opt/airflow/dags/dpe_pipeline_dag.py
[2026-03-27T17:37:38.667+0000] {logging_mixin.py:188} INFO - [2026-03-27T17:37:38.666+0000] {dag.py:3096} INFO - Sync 1 DAGs
[2026-03-27T17:37:38.703+0000] {logging_mixin.py:188} INFO - [2026-03-27T17:37:38.702+0000] {dag.py:3954} INFO - Setting next_dagrun for dpe_pipeline_existant to 2026-03-26 00:00:00+00:00, run_after=2026-03-27 00:00:00+00:00
[2026-03-27T17:37:38.728+0000] {processor.py:183} INFO - Processing /opt/airflow/dags/dpe_pipeline_dag.py took 0.146 seconds
[2026-03-27T17:38:09.122+0000] {processor.py:161} INFO - Started process (PID=364) to work on /opt/airflow/dags/dpe_pipeline_dag.py
[2026-03-27T17:38:09.124+0000] {processor.py:830} INFO - Processing file /opt/airflow/dags/dpe_pipeline_dag.py for tasks to queue
[2026-03-27T17:38:09.128+0000] {logging_mixin.py:188} INFO - [2026-03-27T17:38:09.127+0000] {dagbag.py:545} INFO - Filling up the DagBag from /opt/airflow/dags/dpe_pipeline_dag.py
[2026-03-27T17:38:09.165+0000] {processor.py:840} INFO - DAG(s) 'dpe_pipeline_existant' retrieved from /opt/airflow/dags/dpe_pipeline_dag.py
[2026-03-27T17:38:09.229+0000] {logging_mixin.py:188} INFO - [2026-03-27T17:38:09.228+0000] {dag.py:3096} INFO - Sync 1 DAGs
[2026-03-27T17:38:09.278+0000] {logging_mixin.py:188} INFO - [2026-03-27T17:38:09.278+0000] {dag.py:3954} INFO - Setting next_dagrun for dpe_pipeline_existant to 2026-03-26 00:00:00+00:00, run_after=2026-03-27 00:00:00+00:00
[2026-03-27T17:38:09.318+0000] {processor.py:183} INFO - Processing /opt/airflow/dags/dpe_pipeline_dag.py took 0.204 seconds
[2026-03-27T17:38:39.472+0000] {processor.py:161} INFO - Started process (PID=369) to work on /opt/airflow/dags/dpe_pipeline_dag.py
[2026-03-27T17:38:39.474+0000] {processor.py:830} INFO - Processing file /opt/airflow/dags/dpe_pipeline_dag.py for tasks to queue
[2026-03-27T17:38:39.477+0000] {logging_mixin.py:188} INFO - [2026-03-27T17:38:39.476+0000] {dagbag.py:545} INFO - Filling up the DagBag from /opt/airflow/dags/dpe_pipeline_dag.py
[2026-03-27T17:38:39.517+0000] {processor.py:840} INFO - DAG(s) 'dpe_pipeline_existant' retrieved from /opt/airflow/dags/dpe_pipeline_dag.py
[2026-03-27T17:38:39.596+0000] {logging_mixin.py:188} INFO - [2026-03-27T17:38:39.596+0000] {dag.py:3096} INFO - Sync 1 DAGs
[2026-03-27T17:38:39.628+0000] {logging_mixin.py:188} INFO - [2026-03-27T17:38:39.628+0000] {dag.py:3954} INFO - Setting next_dagrun for dpe_pipeline_existant to 2026-03-26 00:00:00+00:00, run_after=2026-03-27 00:00:00+00:00
[2026-03-27T17:38:39.652+0000] {processor.py:183} INFO - Processing /opt/airflow/dags/dpe_pipeline_dag.py took 0.187 seconds
[2026-03-27T17:39:10.044+0000] {processor.py:161} INFO - Started process (PID=374) to work on /opt/airflow/dags/dpe_pipeline_dag.py
[2026-03-27T17:39:10.047+0000] {processor.py:830} INFO - Processing file /opt/airflow/dags/dpe_pipeline_dag.py for tasks to queue
[2026-03-27T17:39:10.051+0000] {logging_mixin.py:188} INFO - [2026-03-27T17:39:10.051+0000] {dagbag.py:545} INFO - Filling up the DagBag from /opt/airflow/dags/dpe_pipeline_dag.py
[2026-03-27T17:39:10.086+0000] {processor.py:840} INFO - DAG(s) 'dpe_pipeline_existant' retrieved from /opt/airflow/dags/dpe_pipeline_dag.py
[2026-03-27T17:39:10.138+0000] {logging_mixin.py:188} INFO - [2026-03-27T17:39:10.137+0000] {dag.py:3096} INFO - Sync 1 DAGs
[2026-03-27T17:39:10.184+0000] {logging_mixin.py:188} INFO - [2026-03-27T17:39:10.183+0000] {dag.py:3954} INFO - Setting next_dagrun for dpe_pipeline_existant to 2026-03-26 00:00:00+00:00, run_after=2026-03-27 00:00:00+00:00
[2026-03-27T17:39:10.207+0000] {processor.py:183} INFO - Processing /opt/airflow/dags/dpe_pipeline_dag.py took 0.185 seconds
[2026-03-27T17:39:40.453+0000] {processor.py:161} INFO - Started process (PID=379) to work on /opt/airflow/dags/dpe_pipeline_dag.py
[2026-03-27T17:39:40.455+0000] {processor.py:830} INFO - Processing file /opt/airflow/dags/dpe_pipeline_dag.py for tasks to queue
[2026-03-27T17:39:40.457+0000] {logging_mixin.py:188} INFO - [2026-03-27T17:39:40.457+0000] {dagbag.py:545} INFO - Filling up the DagBag from /opt/airflow/dags/dpe_pipeline_dag.py
[2026-03-27T17:39:40.489+0000] {processor.py:840} INFO - DAG(s) 'dpe_pipeline_existant' retrieved from /opt/airflow/dags/dpe_pipeline_dag.py
[2026-03-27T17:39:40.536+0000] {logging_mixin.py:188} INFO - [2026-03-27T17:39:40.535+0000] {dag.py:3096} INFO - Sync 1 DAGs
[2026-03-27T17:39:40.569+0000] {logging_mixin.py:188} INFO - [2026-03-27T17:39:40.569+0000] {dag.py:3954} INFO - Setting next_dagrun for dpe_pipeline_existant to 2026-03-26 00:00:00+00:00, run_after=2026-03-27 00:00:00+00:00
[2026-03-27T17:39:40.595+0000] {processor.py:183} INFO - Processing /opt/airflow/dags/dpe_pipeline_dag.py took 0.149 seconds
[2026-03-27T17:40:10.913+0000] {processor.py:161} INFO - Started process (PID=384) to work on /opt/airflow/dags/dpe_pipeline_dag.py
[2026-03-27T17:40:10.914+0000] {processor.py:830} INFO - Processing file /opt/airflow/dags/dpe_pipeline_dag.py for tasks to queue
[2026-03-27T17:40:10.916+0000] {logging_mixin.py:188} INFO - [2026-03-27T17:40:10.916+0000] {dagbag.py:545} INFO - Filling up the DagBag from /opt/airflow/dags/dpe_pipeline_dag.py
[2026-03-27T17:40:10.943+0000] {processor.py:840} INFO - DAG(s) 'dpe_pipeline_existant' retrieved from /opt/airflow/dags/dpe_pipeline_dag.py
[2026-03-27T17:40:10.982+0000] {logging_mixin.py:188} INFO - [2026-03-27T17:40:10.981+0000] {dag.py:3096} INFO - Sync 1 DAGs
[2026-03-27T17:40:11.010+0000] {logging_mixin.py:188} INFO - [2026-03-27T17:40:11.010+0000] {dag.py:3954} INFO - Setting next_dagrun for dpe_pipeline_existant to 2026-03-26 00:00:00+00:00, run_after=2026-03-27 00:00:00+00:00
[2026-03-27T17:40:11.036+0000] {processor.py:183} INFO - Processing /opt/airflow/dags/dpe_pipeline_dag.py took 0.130 seconds
[2026-03-27T17:40:41.214+0000] {processor.py:161} INFO - Started process (PID=389) to work on /opt/airflow/dags/dpe_pipeline_dag.py
[2026-03-27T17:40:41.215+0000] {processor.py:830} INFO - Processing file /opt/airflow/dags/dpe_pipeline_dag.py for tasks to queue
[2026-03-27T17:40:41.217+0000] {logging_mixin.py:188} INFO - [2026-03-27T17:40:41.217+0000] {dagbag.py:545} INFO - Filling up the DagBag from /opt/airflow/dags/dpe_pipeline_dag.py
[2026-03-27T17:40:41.254+0000] {processor.py:840} INFO - DAG(s) 'dpe_pipeline_existant' retrieved from /opt/airflow/dags/dpe_pipeline_dag.py
[2026-03-27T17:40:41.294+0000] {logging_mixin.py:188} INFO - [2026-03-27T17:40:41.294+0000] {dag.py:3096} INFO - Sync 1 DAGs
[2026-03-27T17:40:41.325+0000] {logging_mixin.py:188} INFO - [2026-03-27T17:40:41.325+0000] {dag.py:3954} INFO - Setting next_dagrun for dpe_pipeline_existant to 2026-03-26 00:00:00+00:00, run_after=2026-03-27 00:00:00+00:00
[2026-03-27T17:40:41.360+0000] {processor.py:183} INFO - Processing /opt/airflow/dags/dpe_pipeline_dag.py took 0.156 seconds
