[2026-03-27T17:17:46.065+0000] {manager.py:470} INFO - Processing files using up to 2 processes at a time 
[2026-03-27T17:17:46.068+0000] {manager.py:471} INFO - Process each file at most once every 30 seconds
[2026-03-27T17:17:46.070+0000] {manager.py:472} INFO - Checking for new files in /opt/airflow/dags every 300 seconds
[2026-03-27T17:17:46.077+0000] {manager.py:737} INFO - Searching for files in /opt/airflow/dags
[2026-03-27T17:17:46.229+0000] {manager.py:740} INFO - There are 1 files in /opt/airflow/dags
[2026-03-27T17:17:47.206+0000] {manager.py:878} INFO - 
================================================================================
DAG File Processing Stats

File Path                                PID  Runtime      # DAGs    # Errors  Last Runtime    Last Run
-------------------------------------  -----  ---------  --------  ----------  --------------  ----------
/opt/airflow/dags/dpe_pipeline_dag.py    164  0.59s             0           0
================================================================================
[2026-03-27T17:18:17.489+0000] {manager.py:878} INFO - 
================================================================================
DAG File Processing Stats

File Path                              PID    Runtime      # DAGs    # Errors  Last Runtime    Last Run
-------------------------------------  -----  ---------  --------  ----------  --------------  -------------------
/opt/airflow/dags/dpe_pipeline_dag.py                           1           0  2.67s           2026-03-27T17:17:49
================================================================================
[2026-03-27T17:18:48.092+0000] {manager.py:878} INFO - 
================================================================================
DAG File Processing Stats

File Path                              PID    Runtime      # DAGs    # Errors  Last Runtime    Last Run
-------------------------------------  -----  ---------  --------  ----------  --------------  -------------------
/opt/airflow/dags/dpe_pipeline_dag.py                           1           0  0.64s           2026-03-27T17:18:20
================================================================================
[2026-03-27T17:19:18.639+0000] {manager.py:878} INFO - 
================================================================================
DAG File Processing Stats

File Path                              PID    Runtime      # DAGs    # Errors  Last Runtime    Last Run
-------------------------------------  -----  ---------  --------  ----------  --------------  -------------------
/opt/airflow/dags/dpe_pipeline_dag.py                           1           0  0.23s           2026-03-27T17:18:50
================================================================================
[2026-03-27T17:19:49.267+0000] {manager.py:878} INFO - 
================================================================================
DAG File Processing Stats

File Path                              PID    Runtime      # DAGs    # Errors  Last Runtime    Last Run
-------------------------------------  -----  ---------  --------  ----------  --------------  -------------------
/opt/airflow/dags/dpe_pipeline_dag.py                           1           0  0.24s           2026-03-27T17:19:21
================================================================================
[2026-03-27T17:20:19.805+0000] {manager.py:878} INFO - 
================================================================================
DAG File Processing Stats

File Path                              PID    Runtime      # DAGs    # Errors  Last Runtime    Last Run
-------------------------------------  -----  ---------  --------  ----------  --------------  -------------------
/opt/airflow/dags/dpe_pipeline_dag.py                           1           0  0.39s           2026-03-27T17:19:51
================================================================================
[2026-03-27T17:20:50.209+0000] {manager.py:878} INFO - 
================================================================================
DAG File Processing Stats

File Path                              PID    Runtime      # DAGs    # Errors  Last Runtime    Last Run
-------------------------------------  -----  ---------  --------  ----------  --------------  -------------------
/opt/airflow/dags/dpe_pipeline_dag.py                           1           0  0.19s           2026-03-27T17:20:22
================================================================================
[2026-03-27T17:21:20.553+0000] {manager.py:878} INFO - 
================================================================================
DAG File Processing Stats

File Path                              PID    Runtime      # DAGs    # Errors  Last Runtime    Last Run
-------------------------------------  -----  ---------  --------  ----------  --------------  -------------------
/opt/airflow/dags/dpe_pipeline_dag.py                           1           0  0.17s           2026-03-27T17:20:52
================================================================================
[2026-03-27T17:21:50.825+0000] {manager.py:878} INFO - 
================================================================================
DAG File Processing Stats

File Path                              PID    Runtime      # DAGs    # Errors  Last Runtime    Last Run
-------------------------------------  -----  ---------  --------  ----------  --------------  -------------------
/opt/airflow/dags/dpe_pipeline_dag.py                           1           0  0.18s           2026-03-27T17:21:22
================================================================================
[2026-03-27T17:22:21.297+0000] {manager.py:878} INFO - 
================================================================================
DAG File Processing Stats

File Path                              PID    Runtime      # DAGs    # Errors  Last Runtime    Last Run
-------------------------------------  -----  ---------  --------  ----------  --------------  -------------------
/opt/airflow/dags/dpe_pipeline_dag.py                           1           0  0.37s           2026-03-27T17:21:53
================================================================================
[2026-03-27T17:22:46.709+0000] {manager.py:737} INFO - Searching for files in /opt/airflow/dags
[2026-03-27T17:22:46.796+0000] {manager.py:740} INFO - There are 1 files in /opt/airflow/dags
[2026-03-27T17:22:51.890+0000] {manager.py:878} INFO - 
================================================================================
DAG File Processing Stats

File Path                              PID    Runtime      # DAGs    # Errors  Last Runtime    Last Run
-------------------------------------  -----  ---------  --------  ----------  --------------  -------------------
/opt/airflow/dags/dpe_pipeline_dag.py                           1           0  0.18s           2026-03-27T17:22:23
================================================================================
[2026-03-27T17:23:22.146+0000] {manager.py:878} INFO - 
================================================================================
DAG File Processing Stats

File Path                              PID    Runtime      # DAGs    # Errors  Last Runtime    Last Run
-------------------------------------  -----  ---------  --------  ----------  --------------  -------------------
/opt/airflow/dags/dpe_pipeline_dag.py                           1           0  0.17s           2026-03-27T17:22:54
================================================================================
[2026-03-27T17:23:52.490+0000] {manager.py:878} INFO - 
================================================================================
DAG File Processing Stats

File Path                              PID    Runtime      # DAGs    # Errors  Last Runtime    Last Run
-------------------------------------  -----  ---------  --------  ----------  --------------  -------------------
/opt/airflow/dags/dpe_pipeline_dag.py                           1           0  0.19s           2026-03-27T17:23:24
================================================================================
[2026-03-27T17:24:22.711+0000] {manager.py:878} INFO - 
================================================================================
DAG File Processing Stats

File Path                              PID    Runtime      # DAGs    # Errors  Last Runtime    Last Run
-------------------------------------  -----  ---------  --------  ----------  --------------  -------------------
/opt/airflow/dags/dpe_pipeline_dag.py                           1           0  0.23s           2026-03-27T17:23:54
================================================================================
[2026-03-27T17:24:53.248+0000] {manager.py:878} INFO - 
================================================================================
DAG File Processing Stats

File Path                              PID    Runtime      # DAGs    # Errors  Last Runtime    Last Run
-------------------------------------  -----  ---------  --------  ----------  --------------  -------------------
/opt/airflow/dags/dpe_pipeline_dag.py                           1           0  0.21s           2026-03-27T17:24:25
================================================================================
[2026-03-27T17:25:23.745+0000] {manager.py:878} INFO - 
================================================================================
DAG File Processing Stats

File Path                              PID    Runtime      # DAGs    # Errors  Last Runtime    Last Run
-------------------------------------  -----  ---------  --------  ----------  --------------  -------------------
/opt/airflow/dags/dpe_pipeline_dag.py                           1           0  0.19s           2026-03-27T17:24:55
================================================================================
[2026-03-27T17:25:54.090+0000] {manager.py:878} INFO - 
================================================================================
DAG File Processing Stats

File Path                              PID    Runtime      # DAGs    # Errors  Last Runtime    Last Run
-------------------------------------  -----  ---------  --------  ----------  --------------  -------------------
/opt/airflow/dags/dpe_pipeline_dag.py                           1           0  0.19s           2026-03-27T17:25:25
================================================================================
[2026-03-27T17:26:24.631+0000] {manager.py:878} INFO - 
================================================================================
DAG File Processing Stats

File Path                              PID    Runtime      # DAGs    # Errors  Last Runtime    Last Run
-------------------------------------  -----  ---------  --------  ----------  --------------  -------------------
/opt/airflow/dags/dpe_pipeline_dag.py                           1           0  0.18s           2026-03-27T17:25:56
================================================================================
[2026-03-27T17:26:55.007+0000] {manager.py:878} INFO - 
================================================================================
DAG File Processing Stats

File Path                              PID    Runtime      # DAGs    # Errors  Last Runtime    Last Run
-------------------------------------  -----  ---------  --------  ----------  --------------  -------------------
/opt/airflow/dags/dpe_pipeline_dag.py                           1           0  0.39s           2026-03-27T17:26:27
================================================================================
[2026-03-27T17:27:25.761+0000] {manager.py:878} INFO - 
================================================================================
DAG File Processing Stats

File Path                              PID    Runtime      # DAGs    # Errors  Last Runtime    Last Run
-------------------------------------  -----  ---------  --------  ----------  --------------  -------------------
/opt/airflow/dags/dpe_pipeline_dag.py                           1           0  0.24s           2026-03-27T17:26:57
================================================================================
[2026-03-27T17:27:47.202+0000] {manager.py:737} INFO - Searching for files in /opt/airflow/dags
[2026-03-27T17:27:47.285+0000] {manager.py:740} INFO - There are 1 files in /opt/airflow/dags
[2026-03-27T17:27:56.373+0000] {manager.py:878} INFO - 
================================================================================
DAG File Processing Stats

File Path                              PID    Runtime      # DAGs    # Errors  Last Runtime    Last Run
-------------------------------------  -----  ---------  --------  ----------  --------------  -------------------
/opt/airflow/dags/dpe_pipeline_dag.py                           1           0  0.18s           2026-03-27T17:27:28
================================================================================
[2026-03-27T17:28:26.697+0000] {manager.py:878} INFO - 
================================================================================
DAG File Processing Stats

File Path                              PID    Runtime      # DAGs    # Errors  Last Runtime    Last Run
-------------------------------------  -----  ---------  --------  ----------  --------------  -------------------
/opt/airflow/dags/dpe_pipeline_dag.py                           1           0  0.16s           2026-03-27T17:27:58
================================================================================
[2026-03-27T17:28:57.073+0000] {manager.py:878} INFO - 
================================================================================
DAG File Processing Stats

File Path                              PID    Runtime      # DAGs    # Errors  Last Runtime    Last Run
-------------------------------------  -----  ---------  --------  ----------  --------------  -------------------
/opt/airflow/dags/dpe_pipeline_dag.py                           1           0  0.22s           2026-03-27T17:28:28
================================================================================
[2026-03-27T17:29:27.479+0000] {manager.py:878} INFO - 
================================================================================
DAG File Processing Stats

File Path                              PID    Runtime      # DAGs    # Errors  Last Runtime    Last Run
-------------------------------------  -----  ---------  --------  ----------  --------------  -------------------
/opt/airflow/dags/dpe_pipeline_dag.py                           1           0  0.18s           2026-03-27T17:28:59
================================================================================
[2026-03-27T17:29:58.002+0000] {manager.py:878} INFO - 
================================================================================
DAG File Processing Stats

File Path                              PID    Runtime      # DAGs    # Errors  Last Runtime    Last Run
-------------------------------------  -----  ---------  --------  ----------  --------------  -------------------
/opt/airflow/dags/dpe_pipeline_dag.py                           1           0  0.17s           2026-03-27T17:29:29
================================================================================
[2026-03-27T17:30:28.503+0000] {manager.py:878} INFO - 
================================================================================
DAG File Processing Stats

File Path                              PID    Runtime      # DAGs    # Errors  Last Runtime    Last Run
-------------------------------------  -----  ---------  --------  ----------  --------------  -------------------
/opt/airflow/dags/dpe_pipeline_dag.py                           1           0  0.23s           2026-03-27T17:30:00
================================================================================
[2026-03-27T17:30:58.983+0000] {manager.py:878} INFO - 
================================================================================
DAG File Processing Stats

File Path                              PID    Runtime      # DAGs    # Errors  Last Runtime    Last Run
-------------------------------------  -----  ---------  --------  ----------  --------------  -------------------
/opt/airflow/dags/dpe_pipeline_dag.py                           1           0  0.19s           2026-03-27T17:30:30
================================================================================
[2026-03-27T17:31:29.319+0000] {manager.py:878} INFO - 
================================================================================
DAG File Processing Stats

File Path                              PID    Runtime      # DAGs    # Errors  Last Runtime    Last Run
-------------------------------------  -----  ---------  --------  ----------  --------------  -------------------
/opt/airflow/dags/dpe_pipeline_dag.py                           1           0  0.37s           2026-03-27T17:31:01
================================================================================
[2026-03-27T17:32:00.048+0000] {manager.py:878} INFO - 
================================================================================
DAG File Processing Stats

File Path                              PID    Runtime      # DAGs    # Errors  Last Runtime    Last Run
-------------------------------------  -----  ---------  --------  ----------  --------------  -------------------
/opt/airflow/dags/dpe_pipeline_dag.py                           1           0  0.18s           2026-03-27T17:31:31
================================================================================
[2026-03-27T17:32:30.553+0000] {manager.py:878} INFO - 
================================================================================
DAG File Processing Stats

File Path                              PID    Runtime      # DAGs    # Errors  Last Runtime    Last Run
-------------------------------------  -----  ---------  --------  ----------  --------------  -------------------
/opt/airflow/dags/dpe_pipeline_dag.py                           1           0  0.37s           2026-03-27T17:32:02
================================================================================
[2026-03-27T17:32:47.206+0000] {manager.py:737} INFO - Searching for files in /opt/airflow/dags
[2026-03-27T17:32:47.232+0000] {manager.py:740} INFO - There are 1 files in /opt/airflow/dags
[2026-03-27T17:33:00.951+0000] {manager.py:878} INFO - 
================================================================================
DAG File Processing Stats

File Path                              PID    Runtime      # DAGs    # Errors  Last Runtime    Last Run
-------------------------------------  -----  ---------  --------  ----------  --------------  -------------------
/opt/airflow/dags/dpe_pipeline_dag.py                           1           0  0.53s           2026-03-27T17:32:33
================================================================================
[2026-03-27T17:33:31.197+0000] {manager.py:878} INFO - 
================================================================================
DAG File Processing Stats

File Path                              PID    Runtime      # DAGs    # Errors  Last Runtime    Last Run
-------------------------------------  -----  ---------  --------  ----------  --------------  -------------------
/opt/airflow/dags/dpe_pipeline_dag.py                           1           0  0.46s           2026-03-27T17:33:03
================================================================================
[2026-03-27T17:34:01.591+0000] {manager.py:878} INFO - 
================================================================================
DAG File Processing Stats

File Path                              PID    Runtime      # DAGs    # Errors  Last Runtime    Last Run
-------------------------------------  -----  ---------  --------  ----------  --------------  -------------------
/opt/airflow/dags/dpe_pipeline_dag.py                           1           0  0.21s           2026-03-27T17:33:34
================================================================================
[2026-03-27T17:34:31.958+0000] {manager.py:878} INFO - 
================================================================================
DAG File Processing Stats

File Path                              PID    Runtime      # DAGs    # Errors  Last Runtime    Last Run
-------------------------------------  -----  ---------  --------  ----------  --------------  -------------------
/opt/airflow/dags/dpe_pipeline_dag.py                           1           0  0.16s           2026-03-27T17:34:04
================================================================================
[2026-03-27T17:35:02.313+0000] {manager.py:878} INFO - 
================================================================================
DAG File Processing Stats

File Path                              PID    Runtime      # DAGs    # Errors  Last Runtime    Last Run
-------------------------------------  -----  ---------  --------  ----------  --------------  -------------------
/opt/airflow/dags/dpe_pipeline_dag.py                           1           0  0.38s           2026-03-27T17:34:35
================================================================================
[2026-03-27T17:35:32.913+0000] {manager.py:878} INFO - 
================================================================================
DAG File Processing Stats

File Path                              PID    Runtime      # DAGs    # Errors  Last Runtime    Last Run
-------------------------------------  -----  ---------  --------  ----------  --------------  -------------------
/opt/airflow/dags/dpe_pipeline_dag.py                           1           0  0.19s           2026-03-27T17:35:05
================================================================================
[2026-03-27T17:36:03.385+0000] {manager.py:878} INFO - 
================================================================================
DAG File Processing Stats

File Path                              PID    Runtime      # DAGs    # Errors  Last Runtime    Last Run
-------------------------------------  -----  ---------  --------  ----------  --------------  -------------------
/opt/airflow/dags/dpe_pipeline_dag.py                           1           0  0.18s           2026-03-27T17:35:36
================================================================================
[2026-03-27T17:36:33.744+0000] {manager.py:878} INFO - 
================================================================================
DAG File Processing Stats

File Path                              PID    Runtime      # DAGs    # Errors  Last Runtime    Last Run
-------------------------------------  -----  ---------  --------  ----------  --------------  -------------------
/opt/airflow/dags/dpe_pipeline_dag.py                           1           0  1.33s           2026-03-27T17:36:07
================================================================================
[2026-03-27T17:37:04.208+0000] {manager.py:878} INFO - 
================================================================================
DAG File Processing Stats

File Path                              PID    Runtime      # DAGs    # Errors  Last Runtime    Last Run
-------------------------------------  -----  ---------  --------  ----------  --------------  -------------------
/opt/airflow/dags/dpe_pipeline_dag.py                           1           0  0.18s           2026-03-27T17:36:37
================================================================================
[2026-03-27T17:37:34.503+0000] {manager.py:878} INFO - 
================================================================================
DAG File Processing Stats

File Path                              PID    Runtime      # DAGs    # Errors  Last Runtime    Last Run
-------------------------------------  -----  ---------  --------  ----------  --------------  -------------------
/opt/airflow/dags/dpe_pipeline_dag.py                           1           0  0.18s           2026-03-27T17:37:08
================================================================================
[2026-03-27T17:37:47.778+0000] {manager.py:737} INFO - Searching for files in /opt/airflow/dags
[2026-03-27T17:37:47.813+0000] {manager.py:740} INFO - There are 1 files in /opt/airflow/dags
[2026-03-27T17:38:05.007+0000] {manager.py:878} INFO - 
================================================================================
DAG File Processing Stats

File Path                              PID    Runtime      # DAGs    # Errors  Last Runtime    Last Run
-------------------------------------  -----  ---------  --------  ----------  --------------  -------------------
/opt/airflow/dags/dpe_pipeline_dag.py                           1           0  0.19s           2026-03-27T17:37:38
================================================================================
[2026-03-27T17:38:35.389+0000] {manager.py:878} INFO - 
================================================================================
DAG File Processing Stats

File Path                              PID    Runtime      # DAGs    # Errors  Last Runtime    Last Run
-------------------------------------  -----  ---------  --------  ----------  --------------  -------------------
/opt/airflow/dags/dpe_pipeline_dag.py                           1           0  0.24s           2026-03-27T17:38:09
================================================================================
[2026-03-27T17:39:05.932+0000] {manager.py:878} INFO - 
================================================================================
DAG File Processing Stats

File Path                              PID    Runtime      # DAGs    # Errors  Last Runtime    Last Run
-------------------------------------  -----  ---------  --------  ----------  --------------  -------------------
/opt/airflow/dags/dpe_pipeline_dag.py                           1           0  0.22s           2026-03-27T17:38:39
================================================================================
[2026-03-27T17:39:36.330+0000] {manager.py:878} INFO - 
================================================================================
DAG File Processing Stats

File Path                              PID    Runtime      # DAGs    # Errors  Last Runtime    Last Run
-------------------------------------  -----  ---------  --------  ----------  --------------  -------------------
/opt/airflow/dags/dpe_pipeline_dag.py                           1           0  0.23s           2026-03-27T17:39:10
================================================================================
[2026-03-27T17:40:06.781+0000] {manager.py:878} INFO - 
================================================================================
DAG File Processing Stats

File Path                              PID    Runtime      # DAGs    # Errors  Last Runtime    Last Run
-------------------------------------  -----  ---------  --------  ----------  --------------  -------------------
/opt/airflow/dags/dpe_pipeline_dag.py                           1           0  0.19s           2026-03-27T17:39:40
================================================================================
[2026-03-27T17:40:37.132+0000] {manager.py:878} INFO - 
================================================================================
DAG File Processing Stats

File Path                              PID    Runtime      # DAGs    # Errors  Last Runtime    Last Run
-------------------------------------  -----  ---------  --------  ----------  --------------  -------------------
/opt/airflow/dags/dpe_pipeline_dag.py                           1           0  0.18s           2026-03-27T17:40:11
================================================================================
[2026-03-27T17:41:01.494+0000] {manager.py:452} INFO - Exiting gracefully upon receiving signal 15
